Sat, 03 Aug 2019 08:23:13 logger.py[line:44] INFO ############## Start ###############
Sat, 03 Aug 2019 08:23:14 logger.py[line:44] INFO ID0002
Sat, 03 Aug 2019 08:23:15 logger.py[line:44] INFO ID0002
Sat, 03 Aug 2019 08:23:15 logger.py[line:44] INFO 0
Sat, 03 Aug 2019 08:23:15 logger.py[line:53] CRITICAL unkown person comming!!! It face has been saved to unknown_face_3
Sat, 03 Aug 2019 08:23:15 logger.py[line:47] WARNING new unknown face has been founded!
Sat, 03 Aug 2019 08:23:17 logger.py[line:44] INFO 0
Sat, 03 Aug 2019 08:23:17 logger.py[line:53] CRITICAL unkown person comming!!! It face has been saved to unknown_face_4
Sat, 03 Aug 2019 08:23:19 logger.py[line:44] INFO 0
Sat, 03 Aug 2019 08:23:19 logger.py[line:53] CRITICAL unkown person comming!!! It face has been saved to unknown_face_5
Sat, 03 Aug 2019 08:23:21 logger.py[line:44] INFO 0
Sat, 03 Aug 2019 08:23:21 logger.py[line:53] CRITICAL unkown person comming!!! It face has been saved to unknown_face_6
Sat, 03 Aug 2019 08:23:23 logger.py[line:44] INFO 0
Sat, 03 Aug 2019 08:23:23 logger.py[line:53] CRITICAL unkown person comming!!! It face has been saved to unknown_face_7
Sat, 03 Aug 2019 08:23:25 logger.py[line:44] INFO 0
Sat, 03 Aug 2019 08:23:25 logger.py[line:53] CRITICAL unkown person comming!!! It face has been saved to unknown_face_8
Sat, 03 Aug 2019 08:23:26 logger.py[line:44] INFO 0
Sat, 03 Aug 2019 08:23:26 logger.py[line:53] CRITICAL unkown person comming!!! It face has been saved to unknown_face_9
Sat, 03 Aug 2019 08:23:28 logger.py[line:44] INFO 0
Sat, 03 Aug 2019 08:23:28 logger.py[line:53] CRITICAL unkown person comming!!! It face has been saved to unknown_face_10
Sat, 03 Aug 2019 08:23:30 logger.py[line:44] INFO 0
Sat, 03 Aug 2019 08:23:30 logger.py[line:53] CRITICAL unkown person comming!!! It face has been saved to unknown_face_11
Sat, 03 Aug 2019 08:23:31 logger.py[line:44] INFO 0
Sat, 03 Aug 2019 08:23:31 logger.py[line:53] CRITICAL unkown person comming!!! It face has been saved to unknown_face_12
Sat, 03 Aug 2019 08:23:33 logger.py[line:44] INFO 0
Sat, 03 Aug 2019 08:23:33 logger.py[line:53] CRITICAL unkown person comming!!! It face has been saved to unknown_face_13
Sat, 03 Aug 2019 08:23:35 logger.py[line:44] INFO 0
Sat, 03 Aug 2019 08:23:35 logger.py[line:53] CRITICAL unkown person comming!!! It face has been saved to unknown_face_14
Sat, 03 Aug 2019 08:23:37 logger.py[line:44] INFO 0
Sat, 03 Aug 2019 08:23:37 logger.py[line:53] CRITICAL unkown person comming!!! It face has been saved to unknown_face_15
Sat, 03 Aug 2019 08:23:38 logger.py[line:44] INFO 0
Sat, 03 Aug 2019 08:23:38 logger.py[line:53] CRITICAL unkown person comming!!! It face has been saved to unknown_face_16
Sat, 03 Aug 2019 08:23:40 logger.py[line:44] INFO 0
Sat, 03 Aug 2019 08:23:40 logger.py[line:53] CRITICAL unkown person comming!!! It face has been saved to unknown_face_17
Sat, 03 Aug 2019 08:23:42 logger.py[line:44] INFO 0
Sat, 03 Aug 2019 08:23:42 logger.py[line:53] CRITICAL unkown person comming!!! It face has been saved to unknown_face_18
Sat, 03 Aug 2019 08:23:44 logger.py[line:44] INFO 0
Sat, 03 Aug 2019 08:23:44 logger.py[line:53] CRITICAL unkown person comming!!! It face has been saved to unknown_face_19
Sat, 03 Aug 2019 08:23:45 logger.py[line:44] INFO 0
Sat, 03 Aug 2019 08:23:45 logger.py[line:53] CRITICAL unkown person comming!!! It face has been saved to unknown_face_20
Sat, 03 Aug 2019 08:23:47 logger.py[line:44] INFO 0
Sat, 03 Aug 2019 08:23:47 logger.py[line:53] CRITICAL unkown person comming!!! It face has been saved to unknown_face_21
Sat, 03 Aug 2019 08:23:49 logger.py[line:44] INFO 0
Sat, 03 Aug 2019 08:23:49 logger.py[line:53] CRITICAL unkown person comming!!! It face has been saved to unknown_face_22
Sat, 03 Aug 2019 08:23:50 logger.py[line:44] INFO 0
Sat, 03 Aug 2019 08:23:50 logger.py[line:53] CRITICAL unkown person comming!!! It face has been saved to unknown_face_23
Sat, 03 Aug 2019 08:23:52 logger.py[line:44] INFO 0
Sat, 03 Aug 2019 08:23:52 logger.py[line:53] CRITICAL unkown person comming!!! It face has been saved to unknown_face_24
Sat, 03 Aug 2019 08:23:54 logger.py[line:44] INFO 0
Sat, 03 Aug 2019 08:23:54 logger.py[line:53] CRITICAL unkown person comming!!! It face has been saved to unknown_face_25
Sat, 03 Aug 2019 08:23:55 logger.py[line:44] INFO 0
Sat, 03 Aug 2019 08:23:55 logger.py[line:53] CRITICAL unkown person comming!!! It face has been saved to unknown_face_26
Sat, 03 Aug 2019 08:23:57 logger.py[line:44] INFO 0
Sat, 03 Aug 2019 08:23:57 logger.py[line:53] CRITICAL unkown person comming!!! It face has been saved to unknown_face_27
Sat, 03 Aug 2019 08:23:59 logger.py[line:44] INFO 0
Sat, 03 Aug 2019 08:23:59 logger.py[line:53] CRITICAL unkown person comming!!! It face has been saved to unknown_face_28
Sat, 03 Aug 2019 08:24:00 logger.py[line:44] INFO 0
Sat, 03 Aug 2019 08:24:00 logger.py[line:53] CRITICAL unkown person comming!!! It face has been saved to unknown_face_29
Sat, 03 Aug 2019 08:24:02 logger.py[line:44] INFO ############## End ###############
Sat, 03 Aug 2019 08:33:40 logger.py[line:44] INFO ############## Start ###############
Sat, 03 Aug 2019 08:33:41 logger.py[line:44] INFO ID0002
Sat, 03 Aug 2019 08:33:42 logger.py[line:44] INFO ID0002
Sat, 03 Aug 2019 08:33:43 logger.py[line:44] INFO 0
Sat, 03 Aug 2019 08:33:43 logger.py[line:53] CRITICAL unkown person comming!!! It face has been saved to unknown_face_3
Sat, 03 Aug 2019 08:33:43 logger.py[line:47] WARNING new unknown face has been founded!
Sat, 03 Aug 2019 08:33:45 logger.py[line:44] INFO 0
Sat, 03 Aug 2019 08:33:45 logger.py[line:53] CRITICAL unkown person comming!!! It face has been saved to unknown_face_4
Sat, 03 Aug 2019 08:33:46 logger.py[line:44] INFO 0
Sat, 03 Aug 2019 08:33:46 logger.py[line:53] CRITICAL unkown person comming!!! It face has been saved to unknown_face_5
Sat, 03 Aug 2019 08:33:48 logger.py[line:44] INFO 0
Sat, 03 Aug 2019 08:33:48 logger.py[line:53] CRITICAL unkown person comming!!! It face has been saved to unknown_face_6
Sat, 03 Aug 2019 08:33:50 logger.py[line:44] INFO 0
Sat, 03 Aug 2019 08:33:50 logger.py[line:53] CRITICAL unkown person comming!!! It face has been saved to unknown_face_7
Sat, 03 Aug 2019 08:33:52 logger.py[line:44] INFO 0
Sat, 03 Aug 2019 08:33:52 logger.py[line:53] CRITICAL unkown person comming!!! It face has been saved to unknown_face_8
Sat, 03 Aug 2019 08:33:54 logger.py[line:44] INFO 0
Sat, 03 Aug 2019 08:33:54 logger.py[line:53] CRITICAL unkown person comming!!! It face has been saved to unknown_face_9
Sat, 03 Aug 2019 08:33:55 logger.py[line:44] INFO 0
Sat, 03 Aug 2019 08:33:55 logger.py[line:53] CRITICAL unkown person comming!!! It face has been saved to unknown_face_10
Sat, 03 Aug 2019 08:33:57 logger.py[line:44] INFO 0
Sat, 03 Aug 2019 08:33:57 logger.py[line:53] CRITICAL unkown person comming!!! It face has been saved to unknown_face_11
Sat, 03 Aug 2019 08:33:59 logger.py[line:44] INFO 0
Sat, 03 Aug 2019 08:33:59 logger.py[line:53] CRITICAL unkown person comming!!! It face has been saved to unknown_face_12
Sat, 03 Aug 2019 08:34:01 logger.py[line:44] INFO 0
Sat, 03 Aug 2019 08:34:01 logger.py[line:53] CRITICAL unkown person comming!!! It face has been saved to unknown_face_13
Sat, 03 Aug 2019 08:34:02 logger.py[line:44] INFO 0
Sat, 03 Aug 2019 08:34:02 logger.py[line:53] CRITICAL unkown person comming!!! It face has been saved to unknown_face_14
Sat, 03 Aug 2019 08:34:04 logger.py[line:44] INFO 0
Sat, 03 Aug 2019 08:34:04 logger.py[line:53] CRITICAL unkown person comming!!! It face has been saved to unknown_face_15
Sat, 03 Aug 2019 08:34:06 logger.py[line:44] INFO 0
Sat, 03 Aug 2019 08:34:06 logger.py[line:53] CRITICAL unkown person comming!!! It face has been saved to unknown_face_16
Sat, 03 Aug 2019 08:34:07 logger.py[line:44] INFO ############## End ###############
